LOG: integer_u16_paral summing 76.4967s 
LOG: integer_u16_paral leftvols 454.9980ms 
LOG: integer_u16_paral loop 456.1669s 
LOG: integer_u16_paral total 532.6642s 
LOG: high_api summing 310.0140s 
LOG: high_api leftvols 270.7371ms 
LOG: high_api loop 616.4213s 
LOG: high_api total 926.4357s 
LOG: integer_padded_paral summing 66.6170s 
LOG: integer_padded_paral leftvols 524.7487ms 
LOG: integer_padded_paral loop 440.1115s 
LOG: integer_padded_paral total 506.7287s 
LOG: integer_paral summing 132.6795s 
LOG: integer_paral leftvols 1.3659s 
LOG: integer_paral loop 629.4350s 
LOG: integer_paral total 762.1148s 

integer_u16_paral total 492.2721s 
integer_padded_paral total 462.9026s 
integer_u16_paral total 496.9302s 
integer_padded_paral total 483.5566s 
integer_u16_paral total 519.7799s 
integer_padded_paral total 487.1589s 
integer_u16_paral total 528.9544s 
integer_padded_paral total 489.0146s 
integer_u16_paral total 526.2928s 
integer_padded_paral total 498.8189s 
integer_u16_paral total 525.3589s 
integer_padded_paral total 502.2297s 
integer_u16_paral total 495.2713s 
integer_padded_paral total 480.3199s 
integer_u16_paral total 471.9053s 
integer_padded_paral total 406.3424s 
integer_u16_paral total 429.1663s 
integer_padded_paral total 378.3130s 
integer_u16_paral total 434.9807s 
integer_padded_paral total 396.8152s 
integer_u16_paral total 413.2169s 
integer_padded_paral total 410.6543s 
integer_u16_paral total 416.5539s 
integer_padded_paral total 391.3152s 
integer_u16_paral total 428.3995s 
integer_padded_paral total 411.9802s 
integer_u16_paral total 437.2946s 
integer_padded_paral total 396.8319s 
integer_u16_paral total 412.2715s 
integer_padded_paral total 427.8508s 
integer_u16_paral total 439.9971s 
integer_padded_paral total 430.4030s 
integer_u16_paral total 436.4458s 
integer_padded_paral total 455.3953s 
integer_u16_paral total 445.2495s 
integer_padded_paral total 447.3890s 
integer_u16_paral total 453.8632s 
integer_padded_paral total 433.1328s 
integer_u16_paral total 447.3214s 
integer_padded_paral total 445.5578s 
integer_u16_paral total 468.5375s 
integer_padded_paral total 425.9892s 
integer_u16_paral total 439.2056s 
integer_padded_paral total 432.9471s 
integer_u16_paral total 433.7090s 
integer_padded_paral total 420.1936s 
integer_u16_paral total 442.0181s 
integer_padded_paral total 420.1608s 

integer_u16_paral total 428.9148s 
integer_u16_paral total 450.4416s 
integer_padded_paral total 348.4554s 
integer_u16_paral total 437.5944s 
integer_padded_paral total 347.4847s 
integer_u16_paral total 438.7658s 
integer_padded_paral total 354.8960s 
integer_u16_paral total 436.7386s 
integer_padded_paral total 362.6621s 
integer_u16_paral total 440.5031s 
integer_padded_paral total 344.3574s 
integer_u16_paral total 434.4657s 
integer_padded_paral total 351.2087s 
integer_u16_paral total 444.0453s 
integer_padded_paral total 349.4322s 
integer_u16_paral total 432.5690s 
integer_padded_paral total 359.0640s 
integer_u16_paral total 427.9299s 
integer_padded_paral total 354.4453s 
integer_u16_paral total 441.8506s 
integer_padded_paral total 371.2035s 
integer_u16_paral total 432.9837s 
integer_padded_paral total 354.7934s 
integer_u16_paral total 443.2432s 
integer_padded_paral total 370.1809s 
integer_u16_paral total 448.9420s 
integer_padded_paral total 365.3139s 
integer_u16_paral total 441.7948s 
integer_padded_paral total 359.8411s 
integer_u16_paral total 456.6787s 
integer_padded_paral total 362.0106s 
integer_u16_paral total 440.4636s 
integer_padded_paral total 357.5312s 
integer_u16_paral total 446.8912s 
integer_padded_paral total 361.6657s 
integer_u16_paral total 437.7176s 
integer_padded_paral total 352.8038s 
integer_u16_paral total 438.8578s 
integer_padded_paral total 352.2728s 
integer_u16_paral total 438.8811s 
integer_padded_paral total 349.5205s 
integer_u16_paral total 428.8895s 
integer_padded_paral total 353.4008s 
integer_u16_paral total 435.8815s 
integer_padded_paral total 357.5327s 
integer_u16_paral total 436.4636s 
integer_padded_paral total 353.1026s 
integer_u16_paral total 435.4086s 
integer_padded_paral total 345.6220s 
integer_u16_paral total 463.8923s 
integer_padded_paral total 357.5783s 
integer_u16_paral total 428.1804s 
integer_padded_paral total 362.8402s 
integer_u16_paral total 444.5221s 
integer_padded_paral total 355.8474s 
integer_u16_paral total 449.3923s 
integer_padded_paral total 348.5648s 
integer_u16_paral total 439.6022s 
integer_padded_paral total 371.4971s 
integer_u16_paral total 442.8362s 
integer_padded_paral total 367.9315s 
integer_u16_paral total 428.9860s 
integer_padded_paral total 361.4049s 
integer_u16_paral total 442.7203s 
integer_padded_paral total 353.7915s 
integer_u16_paral total 425.9547s 
integer_padded_paral total 348.2789s 
integer_u16_paral total 437.3666s 
integer_padded_paral total 359.1588s 
integer_u16_paral total 429.6357s 
integer_padded_paral total 365.5643s 
integer_u16_paral total 427.0701s 
integer_padded_paral total 361.2106s 
integer_u16_paral total 434.7152s 
integer_padded_paral total 356.9458s 
integer_u16_paral total 439.2101s 
integer_padded_paral total 349.8168s 
integer_u16_paral total 430.6477s 
integer_padded_paral total 351.2422s 
integer_u16_paral total 449.6867s 
integer_padded_paral total 348.1943s 
integer_u16_paral total 462.5221s 
integer_padded_paral total 389.2752s 
integer_u16_paral total 459.8341s 
integer_padded_paral total 371.6540s 
integer_u16_paral total 458.8847s 
integer_padded_paral total 371.7966s 
integer_u16_paral total 465.0160s 
integer_padded_paral total 367.3625s 
integer_u16_paral total 460.4689s 
integer_padded_paral total 359.6237s 
integer_u16_paral total 459.8076s 
integer_padded_paral total 352.6472s 
integer_u16_paral total 413.6139s 
integer_padded_paral total 348.9536s 
integer_u16_paral total 434.5663s 
integer_padded_paral total 356.3268s 
integer_u16_paral total 429.4315s 
integer_padded_paral total 357.3043s 
integer_u16_paral total 435.5332s 
integer_padded_paral total 368.6962s 
integer_u16_paral total 429.5198s 
integer_padded_paral total 356.3422s 
integer_u16_paral total 425.6421s 
integer_padded_paral total 356.5544s 
integer_u16_paral total 446.8454s 
integer_padded_paral total 360.5163s 
integer_u16_paral total 447.0430s 
integer_padded_paral total 363.9816s 
integer_u16_paral total 435.6380s 
integer_padded_paral total 346.7666s 
integer_u16_paral total 455.0069s 
integer_padded_paral total 373.3114s 
integer_u16_paral total 454.0516s 
integer_padded_paral total 353.7412s 
integer_u16_paral total 438.7150s 
integer_padded_paral total 358.7878s 
integer_u16_paral total 430.5195s 
integer_padded_paral total 352.4820s 
integer_u16_paral total 431.5253s 
integer_padded_paral total 351.9496s 
integer_u16_paral total 429.5767s 
integer_padded_paral total 359.0432s 
integer_u16_paral total 433.4417s 
integer_padded_paral total 354.6733s 
integer_u16_paral total 444.1413s 
integer_padded_paral total 369.8753s 
integer_u16_paral total 461.1144s 
integer_padded_paral total 362.5312s 
integer_u16_paral total 459.8487s 
integer_padded_paral total 365.2887s 
integer_u16_paral total 459.5025s 
integer_padded_paral total 343.9027s 
integer_u16_paral total 442.7149s 
integer_padded_paral total 373.5713s 
integer_u16_paral total 427.4693s 
integer_padded_paral total 356.8336s 
integer_u16_paral total 436.0282s 
integer_padded_paral total 355.1109s 
integer_u16_paral total 447.8049s 
integer_padded_paral total 359.6169s 
integer_u16_paral total 440.0242s 
integer_padded_paral total 358.0968s 
integer_u16_paral total 436.5848s 

might be slower:

integer_u16_paral total 460.0538s 
integer_padded_paral total 370.4353s 
integer_u16_paral total 482.3672s 
integer_padded_paral total 379.8344s 
integer_u16_paral total 471.2866s 
integer_padded_paral total 387.3273s 
integer_u16_paral total 476.1266s 
integer_padded_paral total 382.5878s 
integer_u16_paral total 453.4842s 
integer_padded_paral total 365.2037s 
integer_u16_paral total 451.3648s 
integer_padded_paral total 366.9457s 
integer_u16_paral total 448.8838s 
integer_padded_paral total 377.4402s 
integer_u16_paral total 460.8637s 
integer_padded_paral total 370.3754s 
integer_u16_paral total 428.2436s 
integer_padded_paral total 346.8330s 
integer_u16_paral total 421.8540s 
integer_padded_paral total 359.1815s 
integer_u16_paral total 445.8423s 
integer_padded_paral total 356.5700s 
integer_u16_paral total 441.3162s 
integer_padded_paral total 360.9447s 
integer_u16_paral total 436.6512s 
integer_padded_paral total 349.7616s 
integer_u16_paral total 435.4650s 
integer_padded_paral total 356.6761s 
integer_u16_paral total 446.7061s 
integer_padded_paral total 355.7031s 
integer_u16_paral total 434.7315s 
integer_padded_paral total 360.4335s 
integer_u16_paral total 433.6761s 
integer_padded_paral total 359.1257s 
integer_u16_paral total 444.3611s 
integer_padded_paral total 360.6428s 
integer_u16_paral total 447.0212s 
integer_padded_paral total 357.3455s 
integer_u16_paral total 428.2705s 
integer_padded_paral total 351.7236s 
integer_u16_paral total 438.4954s 
integer_padded_paral total 347.2691s 
integer_u16_paral total 431.0147s 
integer_padded_paral total 346.7587s 
integer_u16_paral total 425.0418s 
integer_padded_paral total 348.3704s 
integer_u16_paral total 429.8090s 
integer_padded_paral total 358.7482s 
integer_u16_paral total 435.0156s 
integer_padded_paral total 368.6407s 
integer_u16_paral total 467.0856s 
integer_u16_paral total 448.6720s 
integer_padded_paral total 359.2095s 
integer_padded_paral total 371.1379s 
integer_u16_paral total 439.2656s 
integer_u16_paral total 445.0645s 
integer_padded_paral total 357.7105s 
integer_padded_paral total 367.9739s 
integer_u16_paral total 437.2542s 
integer_u16_paral total 444.3528s 
integer_padded_paral total 361.7828s 
integer_padded_paral total 365.6532s 
integer_u16_paral total 435.4815s 
integer_padded_paral total 365.5153s 
integer_u16_paral total 445.8948s 
integer_padded_paral total 367.2546s 
integer_u16_paral total 437.0025s 
